9.3717 	DATA 	Mouse:  Left button up, pos=(847,665)
9.7270 	EXP 	Created window1 = Window(allowGUI=False, allowStencil=False, args=UNKNOWN, autoLog=True, bitsMode=UNKNOWN, blendMode='avg', color=array([0., 0., 0.]), colorSpace='rgb', fullscr=<method-wrapper '__getattribute__' of attributeSetter object at 0x0000013FB41506A0>, gamma=None, kwargs=UNKNOWN, lms=UNKNOWN, monitor=<psychopy.monitors.calibTools.Monitor object at 0x0000013FB419F4E0>, multiSample=False, name='window1', numSamples=2, pos=[0.0, 0.0], screen=0, size=array([1920, 1080]), stereo=False, units='height', useFBO=True, useRetina=False, viewOri=0.0, viewPos=None, viewScale=None, waitBlanking=True, winType='pyglet')
9.7270 	EXP 	window1: recordFrameIntervals = False
9.8927 	EXP 	window1: recordFrameIntervals = True
10.0761 	EXP 	window1: recordFrameIntervals = False
10.3455 	EXP 	Created instructions = TextStim(__class__=<class 'psychopy.visual.text.TextStim'>, alignHoriz='center', alignVert='center', antialias=True, autoLog=True, bold=False, color='white', colorSpace='named', contrast=1.0, depth=0.0, flipHoriz=False, flipVert=False, font='Arial', fontFiles=[], height=0.05, italic=False, languageStyle='LTR', name='instructions', opacity=1.0, ori=0, pos=array([0., 0.]), rgb=array([255., 255., 255.]), text=str(...), units='height', win=Window(...), wrapWidth=1)
10.3571 	EXP 	Created fixation = TextStim(__class__=<class 'psychopy.visual.text.TextStim'>, alignHoriz='center', alignVert='center', antialias=True, autoLog=True, bold=False, color='white', colorSpace='named', contrast=1.0, depth=0.0, flipHoriz=False, flipVert=False, font='Arial', fontFiles=[], height=0.1, italic=False, languageStyle='LTR', name='fixation', opacity=1.0, ori=0, pos=array([0., 0.]), rgb=array([255., 255., 255.]), text='+', units='height', win=Window(...), wrapWidth=1)
10.3576 	EXP 	Created pres_text = TextStim(__class__=<class 'psychopy.visual.text.TextStim'>, alignHoriz='center', alignVert='center', antialias=True, autoLog=True, bold=False, color='white', colorSpace='named', contrast=1.0, depth=-1.0, flipHoriz=False, flipVert=False, font='Arial', fontFiles=[], height=0.1, italic=False, languageStyle='LTR', name='pres_text', opacity=1.0, ori=0, pos=array([0., 0.]), rgb=array([255., 255., 255.]), text='', units='height', win=Window(...), wrapWidth=1)
10.3611 	EXP 	Created recall_text = TextStim(__class__=<class 'psychopy.visual.text.TextStim'>, alignHoriz='center', alignVert='center', antialias=True, autoLog=True, bold=False, color='white', colorSpace='named', contrast=1.0, depth=0.0, flipHoriz=False, flipVert=False, font='Arial', fontFiles=[], height=0.05, italic=False, languageStyle='LTR', name='recall_text', opacity=1.0, ori=0, pos=array([0.  , 0.25]), rgb=array([255., 255., 255.]), text='Recall', units='height', win=Window(...), wrapWidth=1)
10.3772 	EXP 	Created pts_response = TextStim(__class__=<class 'psychopy.visual.text.TextStim'>, alignHoriz='center', alignVert='center', antialias=True, autoLog=True, bold=False, color='white', colorSpace='named', contrast=1.0, depth=-3.0, flipHoriz=False, flipVert=False, font='Arial', fontFiles=[], height=0.1, italic=False, languageStyle='LTR', name='pts_response', opacity=1.0, ori=0, pos=array([0., 0.]), rgb=array([255., 255., 255.]), text='default text', units='height', win=Window(...), wrapWidth=1)
10.3818 	EXP 	Created feedback_text = TextStim(__class__=<class 'psychopy.visual.text.TextStim'>, alignHoriz='center', alignVert='center', antialias=True, autoLog=True, bold=False, color='white', colorSpace='named', contrast=1.0, depth=0.0, flipHoriz=False, flipVert=False, font='Arial', fontFiles=[], height=0.05, italic=False, languageStyle='LTR', name='feedback_text', opacity=1.0, ori=0, pos=array([0., 0.]), rgb=array([255., 255., 255.]), text='default text', units='height', win=Window(...), wrapWidth=1)
10.3961 	EXP 	Created thank_you = TextStim(__class__=<class 'psychopy.visual.text.TextStim'>, alignHoriz='center', alignVert='center', antialias=True, autoLog=True, bold=False, color='white', colorSpace='named', contrast=1.0, depth=0.0, flipHoriz=False, flipVert=False, font='Arial', fontFiles=[], height=0.05, italic=False, languageStyle='LTR', name='thank_you', opacity=1.0, ori=0, pos=array([0., 0.]), rgb=array([255., 255., 255.]), text=str(...), units='height', win=Window(...), wrapWidth=1)
10.4276 	EXP 	instructions: autoDraw = True
11.6006 	EXP 	Imported choose_digitSpan.xlsx as conditions, 10 conditions, 1 params
11.6008 	EXP 	Created sequence: sequential, trialTypes=10, nReps=1, seed=None
11.6011 	EXP 	New trial (rep=0, index=0): OrderedDict([('condition_file', 'three.xlsx')])
11.6113 	EXP 	Imported three.xlsx as conditions, 3 conditions, 2 params
11.6116 	EXP 	Created sequence: sequential, trialTypes=3, nReps=1, seed=None
11.6118 	EXP 	New trial (rep=0, index=0): OrderedDict([('digitSpan', 3), ('digits', 217)])
11.6191 	DATA 	Keypress: space
11.6228 	EXP 	instructions: autoDraw = False
11.6228 	EXP 	fixation: autoDraw = True
11.6228 	EXP 	pres_text: text = '7'
11.6440 	EXP 	pres_text: text = '7'
11.6606 	EXP 	pres_text: text = '7'
11.6769 	EXP 	pres_text: text = '7'
11.6939 	EXP 	pres_text: text = '7'
11.7106 	EXP 	pres_text: text = '7'
11.7276 	EXP 	pres_text: text = '7'
11.7442 	EXP 	pres_text: text = '7'
11.7614 	EXP 	pres_text: text = '7'
11.7778 	EXP 	pres_text: text = '7'
11.7952 	EXP 	pres_text: text = '7'
11.8108 	EXP 	pres_text: text = '7'
11.8277 	EXP 	pres_text: text = '7'
11.8444 	EXP 	pres_text: text = '7'
11.8615 	EXP 	pres_text: text = '7'
11.8776 	EXP 	pres_text: text = '7'
11.8944 	EXP 	pres_text: text = '7'
11.9112 	EXP 	pres_text: text = '7'
11.9276 	EXP 	pres_text: text = '7'
11.9444 	EXP 	pres_text: text = '7'
11.9612 	EXP 	pres_text: text = '7'
11.9781 	EXP 	pres_text: text = '7'
11.9947 	EXP 	pres_text: text = '7'
12.0110 	EXP 	pres_text: text = '7'
12.0281 	EXP 	pres_text: text = '7'
12.0447 	EXP 	pres_text: text = '7'
12.0610 	EXP 	pres_text: text = '7'
12.0779 	EXP 	pres_text: text = '7'
12.0945 	EXP 	pres_text: text = '7'
12.1115 	EXP 	pres_text: text = '7'
12.1287 	EXP 	pres_text: text = '7'
12.1446 	EXP 	pres_text: text = '7'
12.1618 	EXP 	pres_text: text = '7'
12.1782 	EXP 	pres_text: text = '7'
12.1947 	EXP 	pres_text: text = '7'
12.2112 	EXP 	pres_text: text = '7'
12.2283 	EXP 	pres_text: text = '7'
12.2448 	EXP 	pres_text: text = '7'
12.2623 	EXP 	pres_text: text = '7'
12.2779 	EXP 	pres_text: text = '7'
12.2949 	EXP 	pres_text: text = '7'
12.3120 	EXP 	pres_text: text = '7'
12.3282 	EXP 	pres_text: text = '7'
12.3452 	EXP 	pres_text: text = '7'
12.3619 	EXP 	pres_text: text = '7'
12.3784 	EXP 	pres_text: text = '7'
12.3953 	EXP 	pres_text: text = '7'
12.4112 	EXP 	pres_text: text = '7'
12.4285 	EXP 	pres_text: text = '7'
12.4453 	EXP 	pres_text: text = '7'
12.4617 	EXP 	pres_text: text = '7'
12.4781 	EXP 	pres_text: text = '7'
12.4952 	EXP 	pres_text: text = '7'
12.5119 	EXP 	pres_text: text = '7'
12.5287 	EXP 	pres_text: text = '7'
12.5449 	EXP 	pres_text: text = '7'
12.5616 	EXP 	pres_text: text = '7'
12.5784 	EXP 	pres_text: text = '7'
12.5949 	EXP 	pres_text: text = '7'
12.6114 	EXP 	pres_text: text = '7'
12.6283 	EXP 	fixation: autoDraw = False
12.6283 	EXP 	pres_text: text = '7'
12.6455 	EXP 	pres_text: autoDraw = True
12.6455 	EXP 	pres_text: text = '2'
12.6616 	EXP 	pres_text: text = '2'
12.6782 	EXP 	pres_text: text = '2'
12.6951 	EXP 	pres_text: text = '2'
12.7121 	EXP 	pres_text: text = '2'
12.7295 	EXP 	pres_text: text = '2'
12.7451 	EXP 	pres_text: text = '2'
12.7619 	EXP 	pres_text: text = '2'
12.7788 	EXP 	pres_text: text = '2'
12.7955 	EXP 	pres_text: text = '2'
12.8119 	EXP 	pres_text: text = '2'
12.8284 	EXP 	pres_text: text = '2'
12.8454 	EXP 	pres_text: text = '2'
12.8619 	EXP 	pres_text: text = '2'
12.8786 	EXP 	pres_text: text = '2'
12.8953 	EXP 	pres_text: text = '2'
12.9121 	EXP 	pres_text: text = '2'
12.9288 	EXP 	pres_text: text = '2'
12.9455 	EXP 	pres_text: text = '2'
12.9632 	EXP 	pres_text: text = '2'
12.9787 	EXP 	pres_text: text = '2'
12.9955 	EXP 	pres_text: text = '2'
13.0125 	EXP 	pres_text: text = '2'
13.0288 	EXP 	pres_text: text = '2'
13.0455 	EXP 	pres_text: text = '2'
13.0624 	EXP 	pres_text: text = '2'
13.0790 	EXP 	pres_text: text = '2'
13.0958 	EXP 	pres_text: text = '2'
13.1122 	EXP 	pres_text: text = '2'
13.1289 	EXP 	pres_text: text = '2'
13.1461 	EXP 	pres_text: text = '2'
13.1635 	EXP 	pres_text: text = '2'
13.1789 	EXP 	pres_text: text = '2'
13.1961 	EXP 	pres_text: text = '2'
13.2129 	EXP 	pres_text: text = '2'
13.2289 	EXP 	pres_text: text = '2'
13.2456 	EXP 	pres_text: text = '2'
13.2622 	EXP 	pres_text: text = '2'
13.2795 	EXP 	pres_text: text = '2'
13.2957 	EXP 	pres_text: text = '2'
13.3125 	EXP 	pres_text: text = '2'
13.3293 	EXP 	pres_text: text = '2'
13.3461 	EXP 	pres_text: text = '2'
13.3627 	EXP 	pres_text: text = '2'
13.3790 	EXP 	pres_text: text = '2'
13.3958 	EXP 	pres_text: text = '2'
13.4127 	EXP 	pres_text: text = '2'
13.4302 	EXP 	pres_text: text = '2'
13.4459 	EXP 	pres_text: text = '2'
13.4631 	EXP 	pres_text: text = '2'
13.4796 	EXP 	pres_text: text = '2'
13.4961 	EXP 	pres_text: text = '2'
13.5124 	EXP 	pres_text: text = '2'
13.5298 	EXP 	pres_text: text = '2'
13.5463 	EXP 	pres_text: text = '2'
13.5628 	EXP 	pres_text: text = '2'
13.5795 	EXP 	pres_text: text = '2'
13.5965 	EXP 	pres_text: text = '2'
13.6129 	EXP 	pres_text: text = '2'
13.6303 	EXP 	pres_text: text = '1'
13.6461 	EXP 	pres_text: text = '1'
13.6627 	EXP 	pres_text: text = '1'
13.6799 	EXP 	pres_text: text = '1'
13.6961 	EXP 	pres_text: text = '1'
13.7129 	EXP 	pres_text: text = '1'
13.7300 	EXP 	pres_text: text = '1'
13.7465 	EXP 	pres_text: text = '1'
13.7629 	EXP 	pres_text: text = '1'
13.7800 	EXP 	pres_text: text = '1'
13.7967 	EXP 	pres_text: text = '1'
13.8132 	EXP 	pres_text: text = '1'
13.8299 	EXP 	pres_text: text = '1'
13.8463 	EXP 	pres_text: text = '1'
13.8631 	EXP 	pres_text: text = '1'
13.8801 	EXP 	pres_text: text = '1'
13.8966 	EXP 	pres_text: text = '1'
13.9132 	EXP 	pres_text: text = '1'
13.9297 	EXP 	pres_text: text = '1'
13.9468 	EXP 	pres_text: text = '1'
13.9633 	EXP 	pres_text: text = '1'
13.9801 	EXP 	pres_text: text = '1'
13.9968 	EXP 	pres_text: text = '1'
14.0133 	EXP 	pres_text: text = '1'
14.0298 	EXP 	pres_text: text = '1'
14.0466 	EXP 	pres_text: text = '1'
14.0634 	EXP 	pres_text: text = '1'
14.0802 	EXP 	pres_text: text = '1'
14.0971 	EXP 	pres_text: text = '1'
14.1135 	EXP 	pres_text: text = '1'
14.1300 	EXP 	pres_text: text = '1'
14.1469 	EXP 	pres_text: text = '1'
14.1638 	EXP 	pres_text: text = '1'
14.1799 	EXP 	pres_text: text = '1'
14.1970 	EXP 	pres_text: text = '1'
14.2135 	EXP 	pres_text: text = '1'
14.2305 	EXP 	pres_text: text = '1'
14.2466 	EXP 	pres_text: text = '1'
14.2636 	EXP 	pres_text: text = '1'
14.2806 	EXP 	pres_text: text = '1'
14.2974 	EXP 	pres_text: text = '1'
14.3134 	EXP 	pres_text: text = '1'
14.3307 	EXP 	pres_text: text = '1'
14.3469 	EXP 	pres_text: text = '1'
14.3634 	EXP 	pres_text: text = '1'
14.3801 	EXP 	pres_text: text = '1'
14.3971 	EXP 	pres_text: text = '1'
14.4137 	EXP 	pres_text: text = '1'
14.4305 	EXP 	pres_text: text = '1'
14.4469 	EXP 	pres_text: text = '1'
14.4639 	EXP 	pres_text: text = '1'
14.4807 	EXP 	pres_text: text = '1'
14.4971 	EXP 	pres_text: text = '1'
14.5135 	EXP 	pres_text: text = '1'
14.5305 	EXP 	pres_text: text = '1'
14.5472 	EXP 	pres_text: text = '1'
14.5638 	EXP 	pres_text: text = '1'
14.5805 	EXP 	pres_text: text = '1'
14.5972 	EXP 	pres_text: text = '1'
14.6142 	EXP 	pres_text: text = '1'
14.6308 	EXP 	pres_text: text = '7'
14.6471 	EXP 	pres_text: text = '7'
14.6640 	EXP 	pres_text: text = '7'
14.6807 	EXP 	pres_text: text = '7'
14.6972 	EXP 	pres_text: text = '7'
14.7134 	EXP 	pres_text: text = '7'
14.7306 	EXP 	pres_text: text = '7'
14.7476 	EXP 	pres_text: text = '7'
14.7640 	EXP 	pres_text: text = '7'
14.7805 	EXP 	pres_text: text = '7'
14.7973 	EXP 	pres_text: text = '7'
14.8142 	EXP 	pres_text: text = '7'
14.8305 	EXP 	pres_text: text = '7'
14.8475 	EXP 	pres_text: text = '7'
14.8645 	EXP 	pres_text: text = '7'
14.8812 	EXP 	pres_text: text = '7'
14.8985 	EXP 	pres_text: text = '7'
14.9138 	EXP 	pres_text: text = '7'
14.9308 	EXP 	pres_text: text = '7'
14.9479 	EXP 	pres_text: text = '7'
14.9641 	EXP 	pres_text: text = '7'
14.9807 	EXP 	pres_text: text = '7'
14.9976 	EXP 	pres_text: text = '7'
15.0146 	EXP 	pres_text: text = '7'
15.0308 	EXP 	pres_text: text = '7'
15.0476 	EXP 	pres_text: text = '7'
15.0642 	EXP 	pres_text: text = '7'
15.0812 	EXP 	pres_text: text = '7'
15.0977 	EXP 	pres_text: text = '7'
15.1145 	EXP 	pres_text: text = '7'
15.1310 	EXP 	pres_text: text = '7'
15.1479 	EXP 	pres_text: text = '7'
15.1645 	EXP 	pres_text: text = '7'
15.1808 	EXP 	pres_text: text = '7'
15.1976 	EXP 	pres_text: text = '7'
15.2147 	EXP 	pres_text: text = '7'
15.2315 	EXP 	pres_text: text = '7'
15.2477 	EXP 	pres_text: text = '7'
15.2645 	EXP 	pres_text: text = '7'
15.2815 	EXP 	pres_text: text = '7'
15.2985 	EXP 	pres_text: text = '7'
15.3142 	EXP 	pres_text: text = '7'
15.3321 	EXP 	pres_text: text = '7'
15.3480 	EXP 	pres_text: text = '7'
15.3645 	EXP 	pres_text: text = '7'
15.3811 	EXP 	pres_text: text = '7'
15.3981 	EXP 	pres_text: text = '7'
15.4147 	EXP 	pres_text: text = '7'
15.4313 	EXP 	pres_text: text = '7'
15.4478 	EXP 	pres_text: text = '7'
15.4646 	EXP 	pres_text: text = '7'
15.4815 	EXP 	pres_text: text = '7'
15.4983 	EXP 	pres_text: text = '7'
15.5146 	EXP 	pres_text: text = '7'
15.5319 	EXP 	pres_text: text = '7'
15.5483 	EXP 	pres_text: text = '7'
15.5648 	EXP 	pres_text: text = '7'
15.5815 	EXP 	pres_text: text = '7'
15.5983 	EXP 	pres_text: text = '7'
15.6151 	EXP 	pres_text: text = '7'
15.6315 	EXP 	fixation: autoDraw = False
15.6315 	EXP 	pres_text: autoDraw = False
15.6315 	EXP 	recall_text: autoDraw = True
15.6315 	EXP 	pts_response: autoDraw = True
16.1074 	EXP 	window1: mouseVisible = True
